# JRE version: OpenJDK Runtime Environment (17.0.6) (build 17.0.6+0-b2043.56-10027231)
# Java VM: OpenJDK 64-Bit Server VM (17.0.6+0-b2043.56-10027231, mixed mode, tiered, compressed oops, compressed class ptrs, g1 gc, windows-amd64)
GC Precious Log:
 CPUs: 8 total, 8 available
 Memory: 8043M
 Large Page Support: Disabled
 NUMA Support: Disabled
 Compressed Oops: Enabled (32-bit)
 Heap Region Size: 1M
 Heap Min Capacity: 8M
 Heap Initial Capacity: 126M
 Heap Max Capacity: 2G
 Pre-touch: Disabled
 Parallel Workers: 8
 Concurrent Workers: 2
 Concurrent Refinement Workers: 8
 Periodic GC: Disabled
Heap:
 garbage-first heap   total 442368K, used 365254K [0x0000000080000000, 0x0000000100000000)
  region size 1024K, 111 young (113664K), 1 survivors (1024K)
 Metaspace       used 175166K, committed 176384K, reserved 1204224K
  class space    used 22790K, committed 23424K, reserved 1048576K
GC Heap History (20 events):
Event: 36.117 GC heap before
{Heap before GC invocations=54 (full 0):
 garbage-first heap   total 360448K, used 286173K [0x0000000080000000, 0x0000000100000000)
  region size 1024K, 66 young (67584K), 9 survivors (9216K)
 Metaspace       used 154373K, committed 155264K, reserved 1187840K
  class space    used 20273K, committed 20672K, reserved 1048576K
}
Event: 36.128 GC heap after
{Heap after GC invocations=55 (full 0):
 garbage-first heap   total 360448K, used 232760K [0x0000000080000000, 0x0000000100000000)
  region size 1024K, 4 young (4096K), 4 survivors (4096K)
 Metaspace       used 154373K, committed 155264K, reserved 1187840K
  class space    used 20273K, committed 20672K, reserved 1048576K
}
Event: 38.006 GC heap before
{Heap before GC invocations=55 (full 0):
 garbage-first heap   total 360448K, used 292152K [0x0000000080000000, 0x0000000100000000)
  region size 1024K, 62 young (63488K), 4 survivors (4096K)
 Metaspace       used 154375K, committed 155264K, reserved 1187840K
  class space    used 20274K, committed 20672K, reserved 1048576K
}
Event: 38.013 GC heap after
{Heap after GC invocations=56 (full 0):
 garbage-first heap   total 360448K, used 234930K [0x0000000080000000, 0x0000000100000000)
  region size 1024K, 6 young (6144K), 6 survivors (6144K)
 Metaspace       used 154375K, committed 155264K, reserved 1187840K
  class space    used 20274K, committed 20672K, reserved 1048576K
}
Event: 39.493 GC heap before
{Heap before GC invocations=57 (full 0):
 garbage-first heap   total 393216K, used 291250K [0x0000000080000000, 0x0000000100000000)
  region size 1024K, 66 young (67584K), 6 survivors (6144K)
 Metaspace       used 154375K, committed 155264K, reserved 1187840K
  class space    used 20274K, committed 20672K, reserved 1048576K
}
Event: 39.499 GC heap after
{Heap after GC invocations=58 (full 0):
 garbage-first heap   total 393216K, used 233176K [0x0000000080000000, 0x0000000100000000)
  region size 1024K, 6 young (6144K), 6 survivors (6144K)
 Metaspace       used 154375K, committed 155264K, reserved 1187840K
  class space    used 20274K, committed 20672K, reserved 1048576K
}
Event: 39.855 GC heap before
{Heap before GC invocations=58 (full 0):
 garbage-first heap   total 393216K, used 246488K [0x0000000080000000, 0x0000000100000000)
  region size 1024K, 19 young (19456K), 6 survivors (6144K)
 Metaspace       used 154375K, committed 155264K, reserved 1187840K
  class space    used 20274K, committed 20672K, reserved 1048576K
}
Event: 39.861 GC heap after
{Heap after GC invocations=59 (full 0):
 garbage-first heap   total 393216K, used 227838K [0x0000000080000000, 0x0000000100000000)
  region size 1024K, 2 young (2048K), 2 survivors (2048K)
 Metaspace       used 154375K, committed 155264K, reserved 1187840K
  class space    used 20274K, committed 20672K, reserved 1048576K
}
Event: 41.308 GC heap before
{Heap before GC invocations=59 (full 0):
 garbage-first heap   total 393216K, used 331262K [0x0000000080000000, 0x0000000100000000)
  region size 1024K, 88 young (90112K), 2 survivors (2048K)
 Metaspace       used 154938K, committed 155776K, reserved 1187840K
  class space    used 20345K, committed 20736K, reserved 1048576K
}
Event: 41.316 GC heap after
{Heap after GC invocations=60 (full 0):
 garbage-first heap   total 393216K, used 237326K [0x0000000080000000, 0x0000000100000000)
  region size 1024K, 11 young (11264K), 11 survivors (11264K)
 Metaspace       used 154938K, committed 155776K, reserved 1187840K
  class space    used 20345K, committed 20736K, reserved 1048576K
}
Event: 43.813 GC heap before
{Heap before GC invocations=60 (full 0):
 garbage-first heap   total 393216K, used 320270K [0x0000000080000000, 0x0000000100000000)
  region size 1024K, 90 young (92160K), 11 survivors (11264K)
 Metaspace       used 166269K, committed 167168K, reserved 1196032K
  class space    used 21691K, committed 22080K, reserved 1048576K
}
Event: 43.822 GC heap after
{Heap after GC invocations=61 (full 0):
 garbage-first heap   total 393216K, used 243386K [0x0000000080000000, 0x0000000100000000)
  region size 1024K, 6 young (6144K), 6 survivors (6144K)
 Metaspace       used 166269K, committed 167168K, reserved 1196032K
  class space    used 21691K, committed 22080K, reserved 1048576K
}
Event: 45.054 GC heap before
{Heap before GC invocations=61 (full 0):
 garbage-first heap   total 393216K, used 323258K [0x0000000080000000, 0x0000000100000000)
  region size 1024K, 85 young (87040K), 6 survivors (6144K)
 Metaspace       used 168310K, committed 169216K, reserved 1196032K
  class space    used 21903K, committed 22336K, reserved 1048576K
}
Event: 45.066 GC heap after
{Heap after GC invocations=62 (full 0):
 garbage-first heap   total 393216K, used 249856K [0x0000000080000000, 0x0000000100000000)
  region size 1024K, 11 young (11264K), 11 survivors (11264K)
 Metaspace       used 168310K, committed 169216K, reserved 1196032K
  class space    used 21903K, committed 22336K, reserved 1048576K
}
Event: 46.262 GC heap before
{Heap before GC invocations=63 (full 0):
 garbage-first heap   total 442368K, used 323584K [0x0000000080000000, 0x0000000100000000)
  region size 1024K, 83 young (84992K), 11 survivors (11264K)
 Metaspace       used 174111K, committed 175296K, reserved 1204224K
  class space    used 22676K, committed 23296K, reserved 1048576K
}
Event: 46.280 GC heap after
{Heap after GC invocations=64 (full 0):
 garbage-first heap   total 442368K, used 258060K [0x0000000080000000, 0x0000000100000000)
  region size 1024K, 8 young (8192K), 8 survivors (8192K)
 Metaspace       used 174111K, committed 175296K, reserved 1204224K
  class space    used 22676K, committed 23296K, reserved 1048576K
}
Event: 133.701 GC heap before
{Heap before GC invocations=64 (full 0):
 garbage-first heap   total 442368K, used 271372K [0x0000000080000000, 0x0000000100000000)
  region size 1024K, 21 young (21504K), 8 survivors (8192K)
 Metaspace       used 174621K, committed 175808K, reserved 1204224K
  class space    used 22757K, committed 23360K, reserved 1048576K
}
Event: 133.712 GC heap after
{Heap after GC invocations=65 (full 0):
 garbage-first heap   total 442368K, used 254365K [0x0000000080000000, 0x0000000100000000)
  region size 1024K, 2 young (2048K), 2 survivors (2048K)
 Metaspace       used 174621K, committed 175808K, reserved 1204224K
  class space    used 22757K, committed 23360K, reserved 1048576K
}
Event: 5992.152 GC heap before
{Heap before GC invocations=65 (full 0):
 garbage-first heap   total 442368K, used 360861K [0x0000000080000000, 0x0000000100000000)
  region size 1024K, 107 young (109568K), 2 survivors (2048K)
 Metaspace       used 174919K, committed 176128K, reserved 1204224K
  class space    used 22757K, committed 23360K, reserved 1048576K
}
Event: 5992.212 GC heap after
{Heap after GC invocations=66 (full 0):
 garbage-first heap   total 442368K, used 253638K [0x0000000080000000, 0x0000000100000000)
  region size 1024K, 1 young (1024K), 1 survivors (1024K)
 Metaspace       used 174919K, committed 176128K, reserved 1204224K
  class space    used 22757K, committed 23360K, reserved 1048576K
}

